TN:
SF:src/phone.number.helper.ts
FN:7,normalize
FNF:1
FNH:1
FNDA:30,normalize
DA:7,2
DA:8,30
DA:9,27
DA:10,27
DA:11,27
DA:12,27
LF:6
LH:6
BRDA:8,0,0,3
BRDA:8,0,1,27
BRDA:12,1,0,18
BRDA:12,1,1,9
BRF:4
BRH:4
end_of_record
TN:
SF:src/security.helper.ts
FN:27,hmacIndex
FN:37,phoneEncrypt
FN:68,phoneDecrypt
FNF:3
FNH:3
FNDA:8,hmacIndex
FNDA:8,phoneEncrypt
FNDA:6,phoneDecrypt
DA:1,1
DA:2,1
DA:12,1
DA:13,1
DA:15,1
DA:16,0
DA:21,1
DA:22,1
DA:27,1
DA:28,8
DA:29,8
DA:30,8
DA:31,8
DA:37,1
DA:40,8
DA:43,8
DA:45,8
DA:50,8
DA:55,8
DA:57,8
DA:68,1
DA:71,6
DA:72,6
DA:73,6
DA:75,6
DA:80,6
DA:82,5
DA:87,4
LF:28
LH:27
BRDA:15,0,0,0
BRDA:15,0,1,1
BRDA:15,1,0,1
BRDA:15,1,1,1
BRF:4
BRH:3
end_of_record
