TN:
SF:src/config.ts
FN:11,(anonymous_0)
FN:16,(anonymous_1)
FN:25,(anonymous_2)
FNF:3
FNH:3
FNDA:2,(anonymous_0)
FNDA:2,(anonymous_1)
FNDA:1,(anonymous_2)
DA:6,2
DA:12,2
DA:13,2
DA:17,2
DA:18,0
DA:20,2
DA:21,2
DA:26,1
DA:27,0
DA:29,1
LF:10
LH:8
BRDA:17,0,0,0
BRDA:17,0,1,2
BRDA:26,1,0,0
BRDA:26,1,1,1
BRF:4
BRH:2
end_of_record
TN:
SF:src/phone.number.helper.ts
FN:7,normalize
FNF:1
FNH:1
FNDA:30,normalize
DA:7,2
DA:8,30
DA:9,27
DA:10,27
DA:11,27
DA:12,27
LF:6
LH:6
BRDA:8,0,0,3
BRDA:8,0,1,27
BRDA:12,1,0,18
BRDA:12,1,1,9
BRF:4
BRH:4
end_of_record
TN:
SF:src/security.helper.ts
FN:18,hmacIndex
FN:28,phoneEncrypt
FN:59,phoneDecrypt
FNF:3
FNH:3
FNDA:8,hmacIndex
FNDA:8,phoneEncrypt
FNDA:6,phoneDecrypt
DA:1,1
DA:2,1
DA:3,1
DA:5,1
DA:18,1
DA:19,8
DA:20,8
DA:21,8
DA:22,8
DA:28,1
DA:31,8
DA:34,8
DA:36,8
DA:41,8
DA:46,8
DA:48,8
DA:59,1
DA:62,6
DA:63,6
DA:64,6
DA:66,6
DA:71,6
DA:73,5
DA:78,4
LF:24
LH:24
BRF:0
BRH:0
end_of_record
